2025-02-16 09:00:00 INFO Application started
2025-02-16 09:05:00 INFO User login successful: user001
2025-02-16 09:10:00 WARNING Disk space is low
2025-02-16 09:15:00 ERROR Failed to connect to database
2025-02-16 09:20:00 INFO User logged out: user001
2025-02-16 09:25:00 ERROR Timeout occurred while accessing service
2025-02-16 09:30:00 INFO Application shutting down
2025-02-16 10:00:00 INFO Application started
2025-02-16 10:05:00 INFO User login successful: user002
2025-02-16 10:10:00 WARNING High CPU usage detected
2025-02-16 10:15:00 ERROR Unable to access external API
2025-02-16 10:20:00 INFO User logged out: user002
2025-02-16 10:25:00 ERROR Database connection timeout
2025-02-16 10:30:00 INFO Application shutting down
2025-02-16 11:00:00 INFO Application started
2025-02-16 11:05:00 INFO User login successful: user003
2025-02-16 11:10:00 WARNING Memory usage high
2025-02-16 11:15:00 ERROR Authentication failed for user003
2025-02-16 11:20:00 INFO User logged out: user003
2025-02-16 11:25:00 ERROR Service unavailable
2025-02-16 11:30:00 INFO Application shutting down
2025-02-16 12:00:00 INFO Application started
2025-02-16 12:05:00 INFO User login successful: user123
2025-02-16 12:10:00 WARNING Disk space is low
2025-02-16 12:15:00 ERROR Failed to connect to database
2025-02-16 12:20:00 INFO User logged out: user123
2025-02-16 12:25:00 ERROR Timeout occurred while accessing service
2025-02-16 12:30:00 INFO Application shutting down
2025-02-16 13:00:00 INFO Application started
2025-02-16 13:05:00 INFO User login successful: user004
2025-02-16 13:10:00 WARNING CPU overload detected
2025-02-16 13:15:00 ERROR Service crash
2025-02-16 13:20:00 INFO User logged out: user004
2025-02-16 13:25:00 ERROR System outage
2025-02-16 13:30:00 INFO Application shutting down
2025-02-16 14:00:00 INFO Application started
2025-02-16 14:05:00 INFO User login successful: user005
2025-02-16 14:10:00 WARNING Network latency detected
2025-02-16 14:15:00 ERROR Unable to read configuration file
2025-02-16 14:20:00 INFO User logged out: user005
2025-02-16 14:25:00 ERROR Invalid credentials for user005
2025-02-16 14:30:00 INFO Application shutting down
2025-02-17 09:00:00 INFO Application started
2025-02-17 09:05:00 INFO User login successful: user006
2025-02-17 09:10:00 WARNING Disk space is low
2025-02-17 09:15:00 ERROR Failed to connect to database
2025-02-17 09:20:00 INFO User logged out: user006
2025-02-17 09:25:00 ERROR Timeout occurred while accessing service
2025-02-17 09:30:00 INFO Application shutting down
2025-02-17 10:00:00 INFO Application started
2025-02-17 10:05:00 INFO User login successful: user007
2025-02-17 10:10:00 WARNING High CPU usage detected
2025-02-17 10:15:00 ERROR Unable to access external API
2025-02-17 10:20:00 INFO User logged out: user007
2025-02-17 10:25:00 ERROR Database connection timeout
2025-02-17 10:30:00 INFO Application shutting down
2025-02-17 11:00:00 INFO Application started
2025-02-17 11:05:00 INFO User login successful: user008
2025-02-17 11:10:00 WARNING Memory usage high
2025-02-17 11:15:00 ERROR Authentication failed for user008
2025-02-17 11:20:00 INFO User logged out: user008
2025-02-17 11:25:00 ERROR Service unavailable
2025-02-17 11:30:00 INFO Application shutting down
2025-02-17 12:00:00 INFO Application started
2025-02-17 12:05:00 INFO User login successful: user009
2025-02-17 12:10:00 WARNING Disk space is low
2025-02-17 12:15:00 ERROR Failed to connect to database
2025-02-17 12:20:00 INFO User logged out: user009
2025-02-17 12:25:00 ERROR Timeout occurred while accessing service
2025-02-17 12:30:00 INFO Application shutting down
2025-02-17 13:00:00 INFO Application started
2025-02-17 13:05:00 INFO User login successful: user010
2025-02-17 13:10:00 WARNING CPU overload detected
2025-02-17 13:15:00 ERROR Service crash
2025-02-17 13:20:00 INFO User logged out: user010
2025-02-17 13:25:00 ERROR System outage
2025-02-17 13:30:00 INFO Application shutting down
2025-02-23 09:00:00 INFO Application started
2025-02-23 09:05:00 INFO User login successful: user001
2025-02-23 09:10:00 WARNING Disk space is low
2025-02-23 09:15:00 ERROR Failed to connect to database
2025-02-23 09:20:00 INFO User logged out: user001
2025-02-23 09:25:00 ERROR Timeout occurred while accessing service
2025-02-23 09:30:00 INFO Application shutting down
2025-02-23 10:00:00 INFO Application started
2025-02-23 10:05:00 INFO User login successful: user002
2025-02-23 10:10:00 WARNING High CPU usage detected
2025-02-23 10:15:00 ERROR Unable to access external API
2025-02-23 10:20:00 INFO User logged out: user002
2025-02-23 10:25:00 ERROR Database connection timeout
2025-02-23 10:30:00 INFO Application shutting down
2025-02-23 11:00:00 INFO Application started
2025-02-23 11:05:00 INFO User login successful: user003
2025-02-23 11:10:00 WARNING Memory usage high
2025-02-23 11:15:00 ERROR Authentication failed for user003
2025-02-23 11:20:00 INFO User logged out: user003
2025-02-23 11:25:00 ERROR Service unavailable
2025-02-23 11:30:00 INFO Application shutting down
2025-02-23 12:00:00 INFO Application started
2025-02-23 12:05:00 INFO User login successful: user123
2025-02-23 12:10:00 WARNING Disk space is low
2025-02-23 12:15:00 ERROR Failed to connect to database
2025-02-23 12:20:00 INFO User logged out: user123
2025-02-23 12:25:00 ERROR Timeout occurred while accessing service
2025-02-23 12:30:00 INFO Application shutting down
2025-02-23 13:00:00 INFO Application started
2025-02-23 13:05:00 INFO User login successful: user004
2025-02-23 13:10:00 WARNING CPU overload detected
2025-02-23 13:15:00 ERROR Service crash
2025-02-23 13:20:00 INFO User logged out: user004
2025-02-23 13:25:00 ERROR System outage
2025-02-23 13:30:00 INFO Application shutting down
2025-02-23 14:00:00 INFO Application started
2025-02-23 14:05:00 INFO User login successful: user005
2025-02-23 14:10:00 WARNING Network latency detected
2025-02-23 14:15:00 ERROR Unable to read configuration file
2025-02-23 14:20:00 INFO User logged out: user005
2025-02-23 14:25:00 ERROR Invalid credentials for user005
2025-02-23 14:30:00 INFO Application shutting down
